Arguments: 
  C:\Program Files\nodejs\node.exe C:\Users\Deniz\AppData\Roaming\npm\node_modules\yarn\bin\yarn.js add @napi-rs/canvas^0.1.20

PATH: 
  C:\Program Files\Eclipse Foundation\jdk-16.0.2.7-hotspot\bin;C:\Windows\system32;C:\Windows;C:\Windows\System32\Wbem;C:\Windows\System32\WindowsPowerShell\v1.0\;C:\Windows\System32\OpenSSH\;C:\Program Files (x86)\NVIDIA Corporation\PhysX\Common;C:\Program Files\NVIDIA Corporation\NVIDIA NvDLISR;C:\Program Files (x86)\Touch Portal\plugins\adb\platform-tools;C:\Program Files\Microsoft SQL Server\150\Tools\Binn\;C:\Program Files\Microsoft SQL Server\Client SDK\ODBC\170\Tools\Binn\;C:\Program Files\dotnet\;C:\WINDOWS\system32;C:\WINDOWS;C:\WINDOWS\System32\Wbem;C:\WINDOWS\System32\WindowsPowerShell\v1.0\;C:\WINDOWS\System32\OpenSSH\;C:\Users\Deniz\Documents\GitHub\jamal-bot-den\ffmpeg\bin;C:\Program Files\nodejs\;C:\ProgramData\chocolatey\bin;C:\Users\Deniz\AppData\Local\activestate\cache\bin;C:\Users\Deniz\AppData\Local\ActiveState\StateTool\release\bin;C:\Program Files\MySQL\MySQL Shell 8.0\bin\;C:\Users\Deniz\AppData\Local\Microsoft\WindowsApps;C:\Users\Deniz\AppData\Local\GitHubDesktop\bin;C:\Users\Deniz\AppData\Local\Programs\Microsoft VS Code\bin;C:\Users\Deniz\.dotnet\tools;C:\Users\Deniz\AppData\Roaming\npm

Yarn version: 
  1.22.19

Node version: 
  16.15.1

Platform: 
  win32 x64

Trace: 
  Error: https://registry.yarnpkg.com/@napi-rs%2fcanvas%5E0.1.20: Not found
      at Request.params.callback [as _callback] (C:\Users\Deniz\AppData\Roaming\npm\node_modules\yarn\lib\cli.js:66145:18)
      at Request.self.callback (C:\Users\Deniz\AppData\Roaming\npm\node_modules\yarn\lib\cli.js:140890:22)
      at Request.emit (node:events:527:28)
      at Request.<anonymous> (C:\Users\Deniz\AppData\Roaming\npm\node_modules\yarn\lib\cli.js:141862:10)
      at Request.emit (node:events:527:28)
      at IncomingMessage.<anonymous> (C:\Users\Deniz\AppData\Roaming\npm\node_modules\yarn\lib\cli.js:141784:12)
      at Object.onceWrapper (node:events:641:28)
      at IncomingMessage.emit (node:events:539:35)
      at endReadableNT (node:internal/streams/readable:1345:12)
      at processTicksAndRejections (node:internal/process/task_queues:83:21)

npm manifest: 
  {
    "name": "idk",
    "version": "1.0.0",
    "main": "src/index.js",
    "license": "MIT",
    "dependencies": {
      "@discordjs/voice": "^0.10.0",
      "@napi-rs/canvas": "^0.1.23",
      "@sapphire/framework": "^2.5.1",
      "better-erela.js-spotify": "^1.3.7",
      "discord.js": "^13.8.0",
      "dotenv": "^16.0.1",
      "erela.js": "^2.3.3",
      "fs": "^0.0.1-security",
      "glob": "^8.0.3",
      "parse-ms": "^3.0.0",
      "undici": "^5.5.1",
      "ytsr": "^3.8.0"
    }
  }

yarn manifest: 
  No manifest

Lockfile: 
  # THIS IS AN AUTOGENERATED FILE. DO NOT EDIT THIS FILE DIRECTLY.
  # yarn lockfile v1
  
  
  "@discordjs/builders@^0.14.0":
    version "0.14.0"
    resolved "https://registry.yarnpkg.com/@discordjs/builders/-/builders-0.14.0.tgz#1915af10fa1c30d738b08b1ed0ae3c224fd491d7"
    integrity sha512-+fqLIqa9wN3R+kvlld8sgG0nt04BAZxdCDP4t2qZ9TJsquLWA+xMtT8Waibb3d4li4AQS+IOfjiHAznv/dhHgQ==
    dependencies:
      "@sapphire/shapeshift" "^3.1.0"
      "@sindresorhus/is" "^4.6.0"
      discord-api-types "^0.33.3"
      fast-deep-equal "^3.1.3"
      ts-mixer "^6.0.1"
      tslib "^2.4.0"
  
  "@discordjs/builders@^0.15.0":
    version "0.15.0"
    resolved "https://registry.yarnpkg.com/@discordjs/builders/-/builders-0.15.0.tgz#f76318f2de0b057c21bb25bb010ef2317039793d"
    integrity sha512-w1UfCPzx2iKycn6qh/f0c+PcDpcTHzHr7TXALXu/a4gKHGamiSg3lP8GhYswweSJk/Q5cbFLHZUsnoY3MVKNAg==
    dependencies:
      "@sapphire/shapeshift" "^3.1.0"
      "@sindresorhus/is" "^4.6.0"
      discord-api-types "^0.33.3"
      fast-deep-equal "^3.1.3"
      ts-mixer "^6.0.1"
      tslib "^2.4.0"
  
  "@discordjs/collection@^0.1.6":
    version "0.1.6"
    resolved "https://registry.yarnpkg.com/@discordjs/collection/-/collection-0.1.6.tgz#9e9a7637f4e4e0688fd8b2b5c63133c91607682c"
    integrity sha512-utRNxnd9kSS2qhyivo9lMlt5qgAUasH2gb7BEOn6p0efFh24gjGomHzWKMAPn2hEReOPQZCJaRKoURwRotKucQ==
  
  "@discordjs/collection@^0.7.0":
    version "0.7.0"
    resolved "https://registry.yarnpkg.com/@discordjs/collection/-/collection-0.7.0.tgz#1a6c00198b744ba2b73a64442145da637ac073b8"
    integrity sha512-R5i8Wb8kIcBAFEPLLf7LVBQKBDYUL+ekb23sOgpkpyGT+V4P7V83wTxcsqmX+PbqHt4cEHn053uMWfRqh/Z/nA==
  
  "@discordjs/voice@^0.10.0":
    version "0.10.0"
    resolved "https://registry.yarnpkg.com/@discordjs/voice/-/voice-0.10.0.tgz#5c911b5ce276233b232a98c92141e07f1f52168b"
    integrity sha512-tChDKRRbKwWHcyq1dSEzrnuCMJyLtKXcFhgQpqcS2YjZ1TLlXboc/mhrR8jA1Yb1rB81u8dgj/lPkkHsk0ItEg==
    dependencies:
      "@types/ws" "^8.5.3"
      discord-api-types "^0.33.3"
      prism-media "^1.3.2"
      tiny-typed-emitter "^2.1.0"
      tslib "^2.4.0"
      ws "^8.7.0"
  
  "@napi-rs/canvas-android-arm64@0.1.23":
    version "0.1.23"
    resolved "https://registry.yarnpkg.com/@napi-rs/canvas-android-arm64/-/canvas-android-arm64-0.1.23.tgz#b0f5d1429ddea7ec7fd52772b581701d3698726c"
    integrity sha512-cKdJbyTSBjC2LN9lVBJswbCccbfwuh6f7lHYrLAPylmRbJg2jKbVi8iM+8hgsFX2DnE3fAv5dty2+ufgK9WGDA==
  
  "@napi-rs/canvas-darwin-arm64@0.1.23":
    version "0.1.23"
    resolved "https://registry.yarnpkg.com/@napi-rs/canvas-darwin-arm64/-/canvas-darwin-arm64-0.1.23.tgz#c9c485a7391b1d9fde7ea2fae0fc38c8767c6096"
    integrity sha512-OEOuFSTBU4zV+NwzJGZ6sXuOlwk2NnXMGRdUVNqsh48srk79AGSQA8JCkEkaVnquijohW3UpEGSUiA/TH/+GxA==
  
  "@napi-rs/canvas-darwin-x64@0.1.23":
    version "0.1.23"
    resolved "https://registry.yarnpkg.com/@napi-rs/canvas-darwin-x64/-/canvas-darwin-x64-0.1.23.tgz#d8ec94bba58dad89a7e847b1baa1fcf70d8fea4c"
    integrity sha512-BlQk3o/Rn4zhd0Tp1Dz4PAseCd3tR11ArM3z5eFnlAdYfqtwMCe+JH6Fdn+liN4Pkd9hxBpLPwCKjrWmlArP+A==
  
  "@napi-rs/canvas-linux-arm-gnueabihf@0.1.23":
    version "0.1.23"
    resolved "https://registry.yarnpkg.com/@napi-rs/canvas-linux-arm-gnueabihf/-/canvas-linux-arm-gnueabihf-0.1.23.tgz#e66d85a0545408dde0ccfa744487f812ba950ddb"
    integrity sha512-Ne+Y+F8ecLEpuJQNHj22hJlwXiql1bvCjKPsQ3vWDetRhKAm1UdMIS3w6w8XploBPLwPIu0wywQkmmpyYKftag==
  
  "@napi-rs/canvas-linux-arm64-gnu@0.1.23":
    version "0.1.23"
    resolved "https://registry.yarnpkg.com/@napi-rs/canvas-linux-arm64-gnu/-/canvas-linux-arm64-gnu-0.1.23.tgz#1c6d4882639616a759bd413b92de580e2bd5bfd0"
    integrity sha512-7b8QFc5xbzLeGqz59ssaQXZ70Im5gG2sdCQD6SUWMsI0+dz3FFrZ85pPSJj2O5vFSzh48jGVSKNSjMRtINzNKg==
  
  "@napi-rs/canvas-linux-arm64-musl@0.1.23":
    version "0.1.23"
    resolved "https://registry.yarnpkg.com/@napi-rs/canvas-linux-arm64-musl/-/canvas-linux-arm64-musl-0.1.23.tgz#dc629078c23c055f4cddc3bea6d6adb5e31dd286"
    integrity sha512-njr/x76F95k6Xg858ykh0iFdboY1nHOpPzoD98o1028u7vYpcETHftiEZf+9dCSKswO2iK071Fus2aYhrM5LqQ==
  
  "@napi-rs/canvas-linux-x64-gnu@0.1.23":
    version "0.1.23"
    resolved "https://registry.yarnpkg.com/@napi-rs/canvas-linux-x64-gnu/-/canvas-linux-x64-gnu-0.1.23.tgz#0f067b2ab0b1ce296473f9ccc8dd13483227e701"
    integrity sha512-oj8nuQz5YTiUOMGk1J5nuvQTMR62qOzYU8xoXOpqIPXHIhD/oz09W5C1fc7+kF7tIq+SmZ5ORH+m2cuijFMRmw==
  
  "@napi-rs/canvas-linux-x64-musl@0.1.23":
    version "0.1.23"
    resolved "https://registry.yarnpkg.com/@napi-rs/canvas-linux-x64-musl/-/canvas-linux-x64-musl-0.1.23.tgz#a98ab0108952ba600b672c241d421146a9725879"
    integrity sha512-PPJpirvpY8nTRvBrA+k8GCc5bh/Uz/JF9a18IMGbuYmYrIbf0OKYZw71JRUZp7gMMOzKa2shuNdXndIZOzf+ig==
  
  "@napi-rs/canvas-win32-x64-msvc@0.1.23":
    version "0.1.23"
    resolved "https://registry.yarnpkg.com/@napi-rs/canvas-win32-x64-msvc/-/canvas-win32-x64-msvc-0.1.23.tgz#bd75bdc9cbc50e937c53979ba33e9846093c2bba"
    integrity sha512-vd5Pkv4aSLOATtInoCQgqkyicMuOjN1fJnkYJz2Cgh9Mi4mGgCuVAbZ0p8bu7ixjL/twLzFVBr7G/4tZnqEWYQ==
  
  "@napi-rs/canvas@^0.1.23":
    version "0.1.23"
    resolved "https://registry.yarnpkg.com/@napi-rs/canvas/-/canvas-0.1.23.tgz#00ddfa0777870b4def65d84cf6fc0a985dc8aa22"
    integrity sha512-g4PpvGQQHOJBPzY7dTojEtkFyKRX5oigQYCYVr7Jf3yApmI1Zd+HBKPqOlqMr2PhOq5NijI36RS7MxeOd+z/Kg==
    optionalDependencies:
      "@napi-rs/canvas-android-arm64" "0.1.23"
      "@napi-rs/canvas-darwin-arm64" "0.1.23"
      "@napi-rs/canvas-darwin-x64" "0.1.23"
      "@napi-rs/canvas-linux-arm-gnueabihf" "0.1.23"
      "@napi-rs/canvas-linux-arm64-gnu" "0.1.23"
      "@napi-rs/canvas-linux-arm64-musl" "0.1.23"
      "@napi-rs/canvas-linux-x64-gnu" "0.1.23"
      "@napi-rs/canvas-linux-x64-musl" "0.1.23"
      "@napi-rs/canvas-win32-x64-msvc" "0.1.23"
  
  "@sapphire/async-queue@^1.3.1":
    version "1.3.1"
    resolved "https://registry.yarnpkg.com/@sapphire/async-queue/-/async-queue-1.3.1.tgz#9d861e626dbffae02d808e13f823d4510e450a78"
    integrity sha512-FFTlPOWZX1kDj9xCAsRzH5xEJfawg1lNoYAA+ecOWJMHOfiZYb1uXOI3ne9U4UILSEPwfE68p3T9wUHwIQfR0g==
  
  "@sapphire/discord-utilities@^2.11.2":
    version "2.11.2"
    resolved "https://registry.yarnpkg.com/@sapphire/discord-utilities/-/discord-utilities-2.11.2.tgz#e30c82449f877bd9d99df05d986416e41325d54e"
    integrity sha512-avkmhAw8kvKogYuTx3QSAnoYhQfJ5/fMHVOtM+7QztDz81y2VXMYySLOp4azboXqhR76XOk5lyHi/+Ho+FIqmQ==
  
  "@sapphire/discord.js-utilities@^4.11.2":
    version "4.11.3"
    resolved "https://registry.yarnpkg.com/@sapphire/discord.js-utilities/-/discord.js-utilities-4.11.3.tgz#78bc552fe0d7e7ccecde65ad83e4ba3d39b230d0"
    integrity sha512-ZDQ3Bcw0gemMWmLwUk/dJm/LCPgLyYzJoP3muBJDkZXsyOpmTdJDYh98qxXGaxZ+bAFaqwc2HPWuiTZQNjmEsQ==
    dependencies:
      "@sapphire/discord-utilities" "^2.11.2"
      "@sapphire/time-utilities" "^1.7.4"
      "@sapphire/utilities" "^3.6.2"
      tslib "^2.4.0"
  
  "@sapphire/framework@^2.5.1":
    version "2.5.1"
    resolved "https://registry.yarnpkg.com/@sapphire/framework/-/framework-2.5.1.tgz#1f6bee24b82154c60d652e2a369626565d3fc64b"
    integrity sha512-ixuV6ZF5cUMVtdXGXMDjYEVzLQYJtw5v8CFBRrzpPLR6e0JKsMFWQ9IDPpMSYLDj/xtv8LWwhOgvnSSisYUwqg==
    dependencies:
      "@discordjs/builders" "^0.15.0"
      "@sapphire/discord-utilities" "^2.11.2"
      "@sapphire/discord.js-utilities" "^4.11.2"
      "@sapphire/pieces" "^3.3.4"
      "@sapphire/ratelimits" "^2.4.4"
      "@sapphire/utilities" "^3.6.2"
      lexure "^0.17.0"
      tslib "^2.4.0"
  
  "@sapphire/pieces@^3.3.4":
    version "3.3.4"
    resolved "https://registry.yarnpkg.com/@sapphire/pieces/-/pieces-3.3.4.tgz#3972a25674d8798e8d05116ae674cae1811d2980"
    integrity sha512-8QJHYwjVX61SuJX6I+pvzOqvNNwJNNAZr+4TD77Lufzdd/lv0lFfhLNW9SLYhgaczJFHqSSrL4C0ZKTFovC37A==
    dependencies:
      "@discordjs/collection" "^0.7.0"
      "@sapphire/utilities" "^3.6.2"
      tslib "^2.4.0"
  
  "@sapphire/ratelimits@^2.4.4":
    version "2.4.4"
    resolved "https://registry.yarnpkg.com/@sapphire/ratelimits/-/ratelimits-2.4.4.tgz#5472f0c629779b6831d8fdde86e2c8b4666e92f6"
    integrity sha512-9gZ1BaY99HLWOcfuhlu0WklirHhVc6QD1pm5/v2W0O9pBpMHrd1GImVMXjYZRoy1qpmE2ZggSmN1665lktTCMw==
    dependencies:
      "@sapphire/time-utilities" "^1.7.4"
  
  "@sapphire/shapeshift@^3.1.0":
    version "3.1.0"
    resolved "https://registry.yarnpkg.com/@sapphire/shapeshift/-/shapeshift-3.1.0.tgz#e4719fd03ab1d3ea01170f9c37b9cb64f5794759"
    integrity sha512-PkxFXd3QJ1qAPS05Dy2UkVGYPm/asF1Ugt2Xyzmv4DHzO3+G7l+873C4XFFcJ9M5Je+eCMC7SSifgPTSur5QuA==
  
  "@sapphire/time-utilities@^1.7.4":
    version "1.7.4"
    resolved "https://registry.yarnpkg.com/@sapphire/time-utilities/-/time-utilities-1.7.4.tgz#5f47de3741b77ae9752e8e45958461d92bc4420a"
    integrity sha512-/MKy56iGYuOfZfXGxZ2RG0otk9j3P0VRC6ACSnizalEXbe0YFXX7JcxPPBF1yp2j1p5Y7eUW+FTExfvEgnWnzg==
    dependencies:
      "@sapphire/utilities" "^3.6.2"
  
  "@sapphire/utilities@^3.6.2":
    version "3.6.2"
    resolved "https://registry.yarnpkg.com/@sapphire/utilities/-/utilities-3.6.2.tgz#ec238e3e789dd5b04009a5cefecd3a64a4bb985d"
    integrity sha512-Rmwq5QxWxuAYCrtIXo2a9UW1Fa5Pmmfc20QSRRp+rz/CXzel1R3171DjvT7iZTAfuxwUFp2FYG6IaywoSIyjFA==
  
  "@sindresorhus/is@^4.6.0":
    version "4.6.0"
    resolved "https://registry.yarnpkg.com/@sindresorhus/is/-/is-4.6.0.tgz#3c7c9c46e678feefe7a2e5bb609d3dbd665ffb3f"
    integrity sha512-t09vSN3MdfsyCHoFcTRCH/iUtG7OJ0CsjzB8cjAmKc/va/kIgeDI/TxsigdncE/4be734m0cvIYwNaV4i2XqAw==
  
  "@types/node-fetch@^2.6.1":
    version "2.6.1"
    resolved "https://registry.yarnpkg.com/@types/node-fetch/-/node-fetch-2.6.1.tgz#8f127c50481db65886800ef496f20bbf15518975"
    integrity sha512-oMqjURCaxoSIsHSr1E47QHzbmzNR5rK8McHuNb11BOM9cHcIK3Avy0s/b2JlXHoQGTYS3NsvWzV1M0iK7l0wbA==
    dependencies:
      "@types/node" "*"
      form-data "^3.0.0"
  
  "@types/node@*":
    version "17.0.41"
    resolved "https://registry.yarnpkg.com/@types/node/-/node-17.0.41.tgz#1607b2fd3da014ae5d4d1b31bc792a39348dfb9b"
    integrity sha512-xA6drNNeqb5YyV5fO3OAEsnXLfO7uF0whiOfPTz5AeDo8KeZFmODKnvwPymMNO8qE/an8pVY/O50tig2SQCrGw==
  
  "@types/ws@^8.5.3":
    version "8.5.3"
    resolved "https://registry.yarnpkg.com/@types/ws/-/ws-8.5.3.tgz#7d25a1ffbecd3c4f2d35068d0b283c037003274d"
    integrity sha512-6YOoWjruKj1uLf3INHH7D3qTXwFfEsg1kf3c0uDdSBJwfa/llkwIjrAGV7j7mVgGNbzTQ3HiHKKDXl6bJPD97w==
    dependencies:
      "@types/node" "*"
  
  asynckit@^0.4.0:
    version "0.4.0"
    resolved "https://registry.yarnpkg.com/asynckit/-/asynckit-0.4.0.tgz#c79ed97f7f34cb8f2ba1bc9790bcc366474b4b79"
    integrity sha512-Oei9OH4tRh0YqU3GxhX79dM/mwVgvbZJaSNaRk+bshkj0S5cfHcgYakreBjrHwatXKbz+IoIdYLxrKim2MjW0Q==
  
  balanced-match@^1.0.0:
    version "1.0.2"
    resolved "https://registry.yarnpkg.com/balanced-match/-/balanced-match-1.0.2.tgz#e83e3a7e3f300b34cb9d87f615fa0cbf357690ee"
    integrity sha512-3oSeUO0TMV67hN1AmbXsK4yaqU7tjiHlbxRDZOpH0KW9+CeX4bRAaX0Anxt0tx2MrpRpWwQaPwIlISEJhYU5Pw==
  
  better-erela.js-spotify@^1.3.7:
    version "1.3.7"
    resolved "https://registry.yarnpkg.com/better-erela.js-spotify/-/better-erela.js-spotify-1.3.7.tgz#70fdffab9a7a0f8828ea1b1b529e2370f2d8e7e1"
    integrity sha512-esiJZXok94Qrwhkb8COUWeXMT3y1+urLm7cEDbXCrTEmd2v+9bzycIdLS9rlGLfH1kPXGJugiBdZV9M4YD7ivw==
    dependencies:
      erela.js "^2.3.3"
      undici "^5.1.0"
  
  brace-expansion@^2.0.1:
    version "2.0.1"
    resolved "https://registry.yarnpkg.com/brace-expansion/-/brace-expansion-2.0.1.tgz#1edc459e0f0c548486ecf9fc99f2221364b9a0ae"
    integrity sha512-XnAIvQ8eM+kC6aULx6wuQiwVsnzsi9d3WxzV3FpWTGA19F621kwdbsAcFKXgKUHZWsy+mY6iL1sHTxWEFCytDA==
    dependencies:
      balanced-match "^1.0.0"
  
  combined-stream@^1.0.8:
    version "1.0.8"
    resolved "https://registry.yarnpkg.com/combined-stream/-/combined-stream-1.0.8.tgz#c3d45a8b34fd730631a110a8a2520682b31d5a7f"
    integrity sha512-FQN4MRfuJeHf7cBbBMJFXhKSDq+2kAArBlmRBvcvFE5BB1HZKXtSFASDhdlz9zOYwxh8lDdnvmMOe/+5cdoEdg==
    dependencies:
      delayed-stream "~1.0.0"
  
  delayed-stream@~1.0.0:
    version "1.0.0"
    resolved "https://registry.yarnpkg.com/delayed-stream/-/delayed-stream-1.0.0.tgz#df3ae199acadfb7d440aaae0b29e2272b24ec619"
    integrity sha512-ZySD7Nf91aLB0RxL4KGrKHBXl7Eds1DAmEdcoVawXnLD7SDhpNgtuII2aAkg7a7QS41jxPSZ17p4VdGnMHk3MQ==
  
  discord-api-types@^0.33.3:
    version "0.33.5"
    resolved "https://registry.yarnpkg.com/discord-api-types/-/discord-api-types-0.33.5.tgz#6548b70520f7b944c60984dca4ab58654d664a12"
    integrity sha512-dvO5M52v7m7Dy96+XUnzXNsQ/0npsYpU6dL205kAtEDueswoz3aU3bh1UMoK4cQmcGtB1YRyLKqp+DXi05lzFg==
  
  discord.js@^13.8.0:
    version "13.8.0"
    resolved "https://registry.yarnpkg.com/discord.js/-/discord.js-13.8.0.tgz#4f923f32a7521b3a82083289cf709039a2f2f8a1"
    integrity sha512-EPAA/2VLycYN5wSzavqa4iJ6qj3UtQFtHw5TH/60Fj29ymfEsCQVn//o1mTpwDxzwb+rPIrWhkxKIGGnjfv0Iw==
    dependencies:
      "@discordjs/builders" "^0.14.0"
      "@discordjs/collection" "^0.7.0"
      "@sapphire/async-queue" "^1.3.1"
      "@types/node-fetch" "^2.6.1"
      "@types/ws" "^8.5.3"
      discord-api-types "^0.33.3"
      form-data "^4.0.0"
      node-fetch "^2.6.1"
      ws "^8.7.0"
  
  dotenv@^16.0.1:
    version "16.0.1"
    resolved "https://registry.yarnpkg.com/dotenv/-/dotenv-16.0.1.tgz#8f8f9d94876c35dac989876a5d3a82a267fdce1d"
    integrity sha512-1K6hR6wtk2FviQ4kEiSjFiH5rpzEVi8WW0x96aztHVMhEspNpc4DVOUTEHtEva5VThQ8IaBX1Pe4gSzpVVUsKQ==
  
  erela.js@^2.3.3:
    version "2.3.3"
    resolved "https://registry.yarnpkg.com/erela.js/-/erela.js-2.3.3.tgz#22b43e29315c2fcdc8e070beda93eb3f34405c16"
    integrity sha512-tzowGHLSodZr2j311csFSqm9lwE6plqeULTAwPwuRX9PQbXg4Ohdy/3MTMWrltiFAMSIG/5r9GQtTUt9Mqzhhw==
    dependencies:
      "@discordjs/collection" "^0.1.6"
      petitio "^1.1.0"
      ws "^7.3.1"
  
  fast-deep-equal@^3.1.3:
    version "3.1.3"
    resolved "https://registry.yarnpkg.com/fast-deep-equal/-/fast-deep-equal-3.1.3.tgz#3a7d56b559d6cbc3eb512325244e619a65c6c525"
    integrity sha512-f3qQ9oQy9j2AhBe/H9VC91wLmKBCCU/gDOnKNAYG5hswO7BLKj09Hc5HYNz9cGI++xlpDCIgDaitVs03ATR84Q==
  
  form-data@^3.0.0:
    version "3.0.1"
    resolved "https://registry.yarnpkg.com/form-data/-/form-data-3.0.1.tgz#ebd53791b78356a99af9a300d4282c4d5eb9755f"
    integrity sha512-RHkBKtLWUVwd7SqRIvCZMEvAMoGUp0XU+seQiZejj0COz3RI3hWP4sCv3gZWWLjJTd7rGwcsF5eKZGii0r/hbg==
    dependencies:
      asynckit "^0.4.0"
      combined-stream "^1.0.8"
      mime-types "^2.1.12"
  
  form-data@^4.0.0:
    version "4.0.0"
    resolved "https://registry.yarnpkg.com/form-data/-/form-data-4.0.0.tgz#93919daeaf361ee529584b9b31664dc12c9fa452"
    integrity sha512-ETEklSGi5t0QMZuiXoA/Q6vcnxcLQP5vdugSpuAyi6SVGi2clPPp+xgEhuMaHC+zGgn31Kd235W35f7Hykkaww==
    dependencies:
      asynckit "^0.4.0"
      combined-stream "^1.0.8"
      mime-types "^2.1.12"
  
  fs.realpath@^1.0.0:
    version "1.0.0"
    resolved "https://registry.yarnpkg.com/fs.realpath/-/fs.realpath-1.0.0.tgz#1504ad2523158caa40db4a2787cb01411994ea4f"
    integrity sha512-OO0pH2lK6a0hZnAdau5ItzHPI6pUlvI7jMVnxUQRtw4owF2wk8lOSabtGDCTP4Ggrg2MbGnWO9X8K1t4+fGMDw==
  
  fs@^0.0.1-security:
    version "0.0.1-security"
    resolved "https://registry.yarnpkg.com/fs/-/fs-0.0.1-security.tgz#8a7bd37186b6dddf3813f23858b57ecaaf5e41d4"
    integrity sha512-3XY9e1pP0CVEUCdj5BmfIZxRBTSDycnbqhIOGec9QYtmVH2fbLpj86CFWkrNOkt/Fvty4KZG5lTglL9j/gJ87w==
  
  glob@^8.0.3:
    version "8.0.3"
    resolved "https://registry.yarnpkg.com/glob/-/glob-8.0.3.tgz#415c6eb2deed9e502c68fa44a272e6da6eeca42e"
    integrity sha512-ull455NHSHI/Y1FqGaaYFaLGkNMMJbavMrEGFXG/PGrg6y7sutWHUHrz6gy6WEBH6akM1M414dWKCNs+IhKdiQ==
    dependencies:
      fs.realpath "^1.0.0"
      inflight "^1.0.4"
      inherits "2"
      minimatch "^5.0.1"
      once "^1.3.0"
  
  inflight@^1.0.4:
    version "1.0.6"
    resolved "https://registry.yarnpkg.com/inflight/-/inflight-1.0.6.tgz#49bd6331d7d02d0c09bc910a1075ba8165b56df9"
    integrity sha512-k92I/b08q4wvFscXCLvqfsHCrjrF7yiXsQuIVvVE7N82W3+aqpzuUdBbfhWcy/FZR3/4IgflMgKLOsvPDrGCJA==
    dependencies:
      once "^1.3.0"
      wrappy "1"
  
  inherits@2:
    version "2.0.4"
    resolved "https://registry.yarnpkg.com/inherits/-/inherits-2.0.4.tgz#0fa2c64f932917c3433a0ded55363aae37416b7c"
    integrity sha512-k/vGaX4/Yla3WzyMCvTQOXYeIHvqOKtnqBduzTHpzpQZzAskKMhZ2K+EnBiSM9zGSoIFeMpXKxa4dYeZIQqewQ==
  
  lexure@^0.17.0:
    version "0.17.0"
    resolved "https://registry.yarnpkg.com/lexure/-/lexure-0.17.0.tgz#95c26ee49dc3df5f28e2826b1647eb7569aab12a"
    integrity sha512-0L8GqFgPW36sLNqxdp2VOOef5Ajpb98kc0Zk4AzE+Yf0xYTDndcT1vpFqwkTdrCCw+FV8DH4mC9NUw0RlARThA==
  
  mime-db@1.52.0:
    version "1.52.0"
    resolved "https://registry.yarnpkg.com/mime-db/-/mime-db-1.52.0.tgz#bbabcdc02859f4987301c856e3387ce5ec43bf70"
    integrity sha512-sPU4uV7dYlvtWJxwwxHD0PuihVNiE7TyAbQ5SWxDCB9mUYvOgroQOwYQQOKPJ8CIbE+1ETVlOoK1UC2nU3gYvg==
  
  mime-types@^2.1.12:
    version "2.1.35"
    resolved "https://registry.yarnpkg.com/mime-types/-/mime-types-2.1.35.tgz#381a871b62a734450660ae3deee44813f70d959a"
    integrity sha512-ZDY+bPm5zTTF+YpCrAU9nK0UgICYPT0QtT1NZWFv4s++TNkcgVaT0g6+4R2uI4MjQjzysHB1zxuWL50hzaeXiw==
    dependencies:
      mime-db "1.52.0"
  
  miniget@^4.2.2:
    version "4.2.2"
    resolved "https://registry.yarnpkg.com/miniget/-/miniget-4.2.2.tgz#db20320f265efdc4c1826a0be431d56753074475"
    integrity sha512-a7voNL1N5lDMxvTMExOkg+Fq89jM2vY8pAi9ZEWzZtfNmdfP6RXkvUtFnCAXoCv2T9k1v/fUJVaAEuepGcvLYA==
  
  minimatch@^5.0.1:
    version "5.1.0"
    resolved "https://registry.yarnpkg.com/minimatch/-/minimatch-5.1.0.tgz#1717b464f4971b144f6aabe8f2d0b8e4511e09c7"
    integrity sha512-9TPBGGak4nHfGZsPBohm9AWg6NoT7QTCehS3BIJABslyZbzxfV78QM2Y6+i741OPZIafFAaiiEMh5OyIrJPgtg==
    dependencies:
      brace-expansion "^2.0.1"
  
  node-fetch@^2.6.1:
    version "2.6.7"
    resolved "https://registry.yarnpkg.com/node-fetch/-/node-fetch-2.6.7.tgz#24de9fba827e3b4ae44dc8b20256a379160052ad"
    integrity sha512-ZjMPFEfVx5j+y2yF35Kzx5sF7kDzxuDj6ziH4FFbOp87zKDZNx8yExJIb05OGF4Nlt9IHFIMBkRl41VdvcNdbQ==
    dependencies:
      whatwg-url "^5.0.0"
  
  once@^1.3.0:
    version "1.4.0"
    resolved "https://registry.yarnpkg.com/once/-/once-1.4.0.tgz#583b1aa775961d4b113ac17d9c50baef9dd76bd1"
    integrity sha512-lNaJgI+2Q5URQBkccEKHTQOPaXdUxnZZElQTZY0MFUAuaEqe1E+Nyvgdz/aIyNi6Z9MzO5dv1H8n58/GELp3+w==
    dependencies:
      wrappy "1"
  
  parse-ms@^3.0.0:
    version "3.0.0"
    resolved "https://registry.yarnpkg.com/parse-ms/-/parse-ms-3.0.0.tgz#3ea24a934913345fcc3656deda72df921da3a70e"
    integrity sha512-Tpb8Z7r7XbbtBTrM9UhpkzzaMrqA2VXMT3YChzYltwV3P3pM6t8wl7TvpMnSTosz1aQAdVib7kdoys7vYOPerw==
  
  petitio@^1.1.0:
    version "1.4.0"
    resolved "https://registry.yarnpkg.com/petitio/-/petitio-1.4.0.tgz#1887cba89b95de2c61ef774a2f1baf68845ba022"
    integrity sha512-9LaVd/5BLmbNU8Q4Ax8NezihiPt2ISNqi2vKilEchSSf+YSOXxfsLUb0SUmDskm1WkBOVTsqdyuyYI0RYKqr0Q==
  
  prism-media@^1.3.2:
    version "1.3.2"
    resolved "https://registry.yarnpkg.com/prism-media/-/prism-media-1.3.2.tgz#a1f04423ec15d22f3d62b1987b6a25dc49aad13b"
    integrity sha512-L6UsGHcT6i4wrQhFF1aPK+MNYgjRqR2tUoIqEY+CG1NqVkMjPRKzS37j9f8GiYPlD6wG9ruBj+q5Ax+bH8Ik1g==
  
  tiny-typed-emitter@^2.1.0:
    version "2.1.0"
    resolved "https://registry.yarnpkg.com/tiny-typed-emitter/-/tiny-typed-emitter-2.1.0.tgz#b3b027fdd389ff81a152c8e847ee2f5be9fad7b5"
    integrity sha512-qVtvMxeXbVej0cQWKqVSSAHmKZEHAvxdF8HEUBFWts8h+xEo5m/lEiPakuyZ3BnCBjOD8i24kzNOiOLLgsSxhA==
  
  tr46@~0.0.3:
    version "0.0.3"
    resolved "https://registry.yarnpkg.com/tr46/-/tr46-0.0.3.tgz#8184fd347dac9cdc185992f3a6622e14b9d9ab6a"
    integrity sha1-gYT9NH2snNwYWZLzpmIuFLnZq2o=
  
  ts-mixer@^6.0.1:
    version "6.0.1"
    resolved "https://registry.yarnpkg.com/ts-mixer/-/ts-mixer-6.0.1.tgz#7c2627fb98047eb5f3c7f2fee39d1521d18fe87a"
    integrity sha512-hvE+ZYXuINrx6Ei6D6hz+PTim0Uf++dYbK9FFifLNwQj+RwKquhQpn868yZsCtJYiclZF1u8l6WZxxKi+vv7Rg==
  
  tslib@^2.4.0:
    version "2.4.0"
    resolved "https://registry.yarnpkg.com/tslib/-/tslib-2.4.0.tgz#7cecaa7f073ce680a05847aa77be941098f36dc3"
    integrity sha512-d6xOpEDfsi2CZVlPQzGeux8XMwLT9hssAsaPYExaQMuYskwb+x1x7J371tWlbBdWHroy99KnVB6qIkUbs5X3UQ==
  
  undici@^5.1.0:
    version "5.4.0"
    resolved "https://registry.yarnpkg.com/undici/-/undici-5.4.0.tgz#c474fae02743d4788b96118d46008a24195024d2"
    integrity sha512-A1SRXysDg7J+mVP46jF+9cKANw0kptqSFZ8tGyL+HBiv0K1spjxPX8Z4EGu+Eu6pjClJUBdnUPlxrOafR668/g==
  
  undici@^5.5.1:
    version "5.5.1"
    resolved "https://registry.yarnpkg.com/undici/-/undici-5.5.1.tgz#baaf25844a99eaa0b22e1ef8d205bffe587c8f43"
    integrity sha512-MEvryPLf18HvlCbLSzCW0U00IMftKGI5udnjrQbC5D4P0Hodwffhv+iGfWuJwg16Y/TK11ZFK8i+BPVW2z/eAw==
  
  webidl-conversions@^3.0.0:
    version "3.0.1"
    resolved "https://registry.yarnpkg.com/webidl-conversions/-/webidl-conversions-3.0.1.tgz#24534275e2a7bc6be7bc86611cc16ae0a5654871"
    integrity sha1-JFNCdeKnvGvnvIZhHMFq4KVlSHE=
  
  whatwg-url@^5.0.0:
    version "5.0.0"
    resolved "https://registry.yarnpkg.com/whatwg-url/-/whatwg-url-5.0.0.tgz#966454e8765462e37644d3626f6742ce8b70965d"
    integrity sha1-lmRU6HZUYuN2RNNib2dCzotwll0=
    dependencies:
      tr46 "~0.0.3"
      webidl-conversions "^3.0.0"
  
  wrappy@1:
    version "1.0.2"
    resolved "https://registry.yarnpkg.com/wrappy/-/wrappy-1.0.2.tgz#b5243d8f3ec1aa35f1364605bc0d1036e30ab69f"
    integrity sha1-tSQ9jz7BqjXxNkYFvA0QNuMKtp8=
  
  ws@^7.3.1:
    version "7.5.8"
    resolved "https://registry.yarnpkg.com/ws/-/ws-7.5.8.tgz#ac2729881ab9e7cbaf8787fe3469a48c5c7f636a"
    integrity sha512-ri1Id1WinAX5Jqn9HejiGb8crfRio0Qgu8+MtL36rlTA6RLsMdWt1Az/19A2Qij6uSHUMphEFaTKa4WG+UNHNw==
  
  ws@^8.7.0:
    version "8.7.0"
    resolved "https://registry.yarnpkg.com/ws/-/ws-8.7.0.tgz#eaf9d874b433aa00c0e0d8752532444875db3957"
    integrity sha512-c2gsP0PRwcLFzUiA8Mkr37/MI7ilIlHQxaEAtd0uNMbVMoy8puJyafRlm0bV9MbGSabUPeLrRRaqIBcFcA2Pqg==
  
  ytsr@^3.8.0:
    version "3.8.0"
    resolved "https://registry.yarnpkg.com/ytsr/-/ytsr-3.8.0.tgz#49a8e5dc413f41515fc3d79d93ee3e073d10e772"
    integrity sha512-R+RfYXvBBMAr2e4OxrQ5SBv5x/Mdhmcj1Q8TH0f2HK5d2jbhHOtK4BdzPvLriA6MDoMwqqX04GD8Rpf9UNtSTg==
    dependencies:
      miniget "^4.2.2"
